<?xml version="1.0" encoding="UTF-8" ?>
<testsuite tests="24" failures="0" name="smallibs.suitcase.cases.PatternTest" time="0.051" errors="0" skipped="0">
  <properties>
    <property name="java.runtime.name" value="Java(TM) SE Runtime Environment"/>
    <property name="sun.boot.library.path" value="/Library/Java/JavaVirtualMachines/jdk1.8.0.jdk/Contents/Home/jre/lib"/>
    <property name="java.vm.version" value="25.0-b70"/>
    <property name="user.country.format" value="FR"/>
    <property name="gopherProxySet" value="false"/>
    <property name="java.vm.vendor" value="Oracle Corporation"/>
    <property name="java.vendor.url" value="http://java.oracle.com/"/>
    <property name="path.separator" value=":"/>
    <property name="guice.disable.misplaced.annotation.check" value="true"/>
    <property name="java.vm.name" value="Java HotSpot(TM) 64-Bit Server VM"/>
    <property name="file.encoding.pkg" value="sun.io"/>
    <property name="user.country" value="US"/>
    <property name="sun.java.launcher" value="SUN_STANDARD"/>
    <property name="sun.os.patch.level" value="unknown"/>
    <property name="java.vm.specification.name" value="Java Virtual Machine Specification"/>
    <property name="user.dir" value="/Users/didierplaindoux/PersonalWork/oss/smallibs/suitcase"/>
    <property name="java.runtime.version" value="1.8.0-b132"/>
    <property name="java.awt.graphicsenv" value="sun.awt.CGraphicsEnvironment"/>
    <property name="java.endorsed.dirs" value="/Library/Java/JavaVirtualMachines/jdk1.8.0.jdk/Contents/Home/jre/lib/endorsed"/>
    <property name="os.arch" value="x86_64"/>
    <property name="java.io.tmpdir" value="/var/folders/4s/rdnq74sd20j2p7c2ctwgykzm0000gn/T/"/>
    <property name="line.separator" value="
"/>
    <property name="java.vm.specification.vendor" value="Oracle Corporation"/>
    <property name="os.name" value="Mac OS X"/>
    <property name="net.sourceforge.cobertura.datafile" value="/Users/didierplaindoux/PersonalWork/oss/smallibs/suitcase/target/cobertura/cobertura.ser"/>
    <property name="classworlds.conf" value="/usr/local/Cellar/maven/3.1.1/libexec/bin/m2.conf"/>
    <property name="sun.jnu.encoding" value="UTF-8"/>
    <property name="java.library.path" value="/Users/didierplaindoux/Library/Java/Extensions:/Library/Java/Extensions:/Network/Library/Java/Extensions:/System/Library/Java/Extensions:/usr/lib/java:."/>
    <property name="java.specification.name" value="Java Platform API Specification"/>
    <property name="java.class.version" value="52.0"/>
    <property name="sun.management.compiler" value="HotSpot 64-Bit Tiered Compilers"/>
    <property name="os.version" value="10.9.5"/>
    <property name="user.home" value="/Users/didierplaindoux"/>
    <property name="user.timezone" value="Europe/Paris"/>
    <property name="java.awt.printerjob" value="sun.lwawt.macosx.CPrinterJob"/>
    <property name="java.specification.version" value="1.8"/>
    <property name="file.encoding" value="UTF-8"/>
    <property name="user.name" value="didierplaindoux"/>
    <property name="java.class.path" value="/usr/local/Cellar/maven/3.1.1/libexec/boot/plexus-classworlds-2.5.1.jar"/>
    <property name="org.slf4j.simpleLogger.defaultLogLevel" value="info"/>
    <property name="java.vm.specification.version" value="1.8"/>
    <property name="sun.arch.data.model" value="64"/>
    <property name="java.home" value="/Library/Java/JavaVirtualMachines/jdk1.8.0.jdk/Contents/Home/jre"/>
    <property name="sun.java.command" value="org.codehaus.plexus.classworlds.launcher.Launcher clean cobertura:cobertura"/>
    <property name="java.specification.vendor" value="Oracle Corporation"/>
    <property name="user.language" value="en"/>
    <property name="awt.toolkit" value="sun.lwawt.macosx.LWCToolkit"/>
    <property name="java.vm.info" value="mixed mode"/>
    <property name="java.version" value="1.8.0"/>
    <property name="java.ext.dirs" value="/Users/didierplaindoux/Library/Java/Extensions:/Library/Java/JavaVirtualMachines/jdk1.8.0.jdk/Contents/Home/jre/lib/ext:/Library/Java/Extensions:/Network/Library/Java/Extensions:/System/Library/Java/Extensions:/usr/lib/java"/>
    <property name="sun.boot.class.path" value="/Library/Java/JavaVirtualMachines/jdk1.8.0.jdk/Contents/Home/jre/lib/resources.jar:/Library/Java/JavaVirtualMachines/jdk1.8.0.jdk/Contents/Home/jre/lib/rt.jar:/Library/Java/JavaVirtualMachines/jdk1.8.0.jdk/Contents/Home/jre/lib/sunrsasign.jar:/Library/Java/JavaVirtualMachines/jdk1.8.0.jdk/Contents/Home/jre/lib/jsse.jar:/Library/Java/JavaVirtualMachines/jdk1.8.0.jdk/Contents/Home/jre/lib/jce.jar:/Library/Java/JavaVirtualMachines/jdk1.8.0.jdk/Contents/Home/jre/lib/charsets.jar:/Library/Java/JavaVirtualMachines/jdk1.8.0.jdk/Contents/Home/jre/lib/jfr.jar:/Library/Java/JavaVirtualMachines/jdk1.8.0.jdk/Contents/Home/jre/classes"/>
    <property name="java.vendor" value="Oracle Corporation"/>
    <property name="maven.home" value="/usr/local/Cellar/maven/3.1.1/libexec"/>
    <property name="file.separator" value="/"/>
    <property name="java.vendor.url.bug" value="http://bugreport.sun.com/bugreport/"/>
    <property name="sun.cpu.endian" value="little"/>
    <property name="sun.io.unicode.encoding" value="UnicodeBig"/>
    <property name="project.build.outputDirectory" value="/Users/didierplaindoux/PersonalWork/oss/smallibs/suitcase/target/generated-classes/cobertura"/>
    <property name="sun.cpu.isalist" value=""/>
  </properties>
  <testcase classname="smallibs.suitcase.cases.PatternTest" name="shouldMatchNullValueWithNull" time="0.032"/>
  <testcase classname="smallibs.suitcase.cases.PatternTest" name="shouldNotMatchNotNullValueWithNull" time="0"/>
  <testcase classname="smallibs.suitcase.cases.PatternTest" name="shouldMatchConstantValueWithConstant" time="0"/>
  <testcase classname="smallibs.suitcase.cases.PatternTest" name="shouldNotMatchConstantValueWithDifferentConstant" time="0.001"/>
  <testcase classname="smallibs.suitcase.cases.PatternTest" name="shouldNotMatchNullValueWithConstant" time="0"/>
  <testcase classname="smallibs.suitcase.cases.PatternTest" name="shouldMatchValueValueWithTypeOf" time="0.002"/>
  <testcase classname="smallibs.suitcase.cases.PatternTest" name="shouldNotMatchValueValueWithWrongTypeOf" time="0.001"/>
  <testcase classname="smallibs.suitcase.cases.PatternTest" name="shouldNotMatchNullValueWithTypeOf" time="0.001"/>
  <testcase classname="smallibs.suitcase.cases.PatternTest" name="shouldMatchSubTypeValueWithTypeOf" time="0"/>
  <testcase classname="smallibs.suitcase.cases.PatternTest" name="shouldMatchNullValueWithAny" time="0.001"/>
  <testcase classname="smallibs.suitcase.cases.PatternTest" name="shouldMatchNotNullValueWithAny" time="0"/>
  <testcase classname="smallibs.suitcase.cases.PatternTest" name="shouldNilMatchEmptyList" time="0.002"/>
  <testcase classname="smallibs.suitcase.cases.PatternTest" name="shouldNilNotlMatchNonList" time="0"/>
  <testcase classname="smallibs.suitcase.cases.PatternTest" name="shouldConsNotlMatchEmptyList" time="0.001"/>
  <testcase classname="smallibs.suitcase.cases.PatternTest" name="shouldConsMatchNonEmptyList" time="0.001"/>
  <testcase classname="smallibs.suitcase.cases.PatternTest" name="shouldConsMatchListSize2" time="0"/>
  <testcase classname="smallibs.suitcase.cases.PatternTest" name="shouldConsMatchListSize2Exactly" time="0.002"/>
  <testcase classname="smallibs.suitcase.cases.PatternTest" name="shouldMatchTheListExactly" time="0"/>
  <testcase classname="smallibs.suitcase.cases.PatternTest" name="shouldMatchPair" time="0.004"/>
  <testcase classname="smallibs.suitcase.cases.PatternTest" name="shouldMatchPairAndValues" time="0"/>
  <testcase classname="smallibs.suitcase.cases.PatternTest" name="shouldMatchZero" time="0.002"/>
  <testcase classname="smallibs.suitcase.cases.PatternTest" name="shouldNotMatchZero" time="0"/>
  <testcase classname="smallibs.suitcase.cases.PatternTest" name="shouldMatchNonZero" time="0.001"/>
  <testcase classname="smallibs.suitcase.cases.PatternTest" name="shouldNotMatchNonZero" time="0"/>
</testsuite>